# JRE version: OpenJDK Runtime Environment Temurin-26.0.1+8 (26.0.1+8) (build 26.0.1+8)
# Java VM: OpenJDK 64-Bit Server VM Temurin-26.0.1+8 (26.0.1+8, mixed mode, sharing, tiered, compressed oops, compressed class ptrs, g1 gc, windows-amd64)
GC Precious Log:
 CardTable entry size: 512
 Card Set container configuration: InlinePtr #cards 5 size 8 Array Of Cards #cards 10 size 36 Howl #buckets 4 coarsen threshold 1843 Howl Bitmap #cards 512 size 80 coarsen threshold 460 Card regions per heap region 1 cards per card region 2048
 CPUs: 4 total, 4 available
 Memory: 3959M
 Large Page Support: Disabled
 NUMA Support: Disabled
 Compressed Oops: Enabled (32-bit)
 Heap Region Size: 1M
 Heap Min Capacity: 8M
 Heap Initial Capacity: 8M
 Heap Max Capacity: 990M
 Pre-touch: Disabled
 Parallel Workers: 4
 Concurrent Workers: 1
 Concurrent Refinement Workers: 4
 Periodic GC: Disabled
Heap:
 garbage-first heap   total reserved 1013760K, committed 15360K, used 8794K [0x00000000c2200000, 0x0000000100000000)
  region size 1M, 1 eden (1M), 0 survivor (0M), 9 old (9M), 0 humongous (0M), 5 free (5M)
GC Heap Usage History (20 events):
Event: 47.666 {heap Before GC invocations=23 (full 0):
 garbage-first heap   total reserved 1013760K, committed 10240K, used 8971K [0x00000000c2200000, 0x0000000100000000)
  region size 1M, 3 eden (3M), 1 survivor (1M), 5 old (5M), 0 humongous (0M), 1 free (1M)
}
Event: 47.670 {heap After GC invocations=24 (full 0):
 garbage-first heap   total reserved 1013760K, committed 11264K, used 6288K [0x00000000c2200000, 0x0000000100000000)
  region size 1M, 0 eden (0M), 1 survivor (1M), 6 old (6M), 0 humongous (0M), 4 free (4M)
}
Event: 49.080 {heap Before GC invocations=25 (full 0):
 garbage-first heap   total reserved 1013760K, committed 11264K, used 9360K [0x00000000c2200000, 0x0000000100000000)
  region size 1M, 3 eden (3M), 1 survivor (1M), 6 old (6M), 0 humongous (0M), 1 free (1M)
}
Event: 49.092 {heap After GC invocations=26 (full 0):
 garbage-first heap   total reserved 1013760K, committed 11264K, used 6655K [0x00000000c2200000, 0x0000000100000000)
  region size 1M, 0 eden (0M), 1 survivor (1M), 6 old (6M), 0 humongous (0M), 4 free (4M)
}
Event: 49.520 {heap Before GC invocations=26 (full 0):
 garbage-first heap   total reserved 1013760K, committed 11264K, used 9727K [0x00000000c2200000, 0x0000000100000000)
  region size 1M, 3 eden (3M), 1 survivor (1M), 6 old (6M), 0 humongous (0M), 1 free (1M)
}
Event: 49.524 {heap After GC invocations=27 (full 0):
 garbage-first heap   total reserved 1013760K, committed 12288K, used 7090K [0x00000000c2200000, 0x0000000100000000)
  region size 1M, 0 eden (0M), 1 survivor (1M), 7 old (7M), 0 humongous (0M), 4 free (4M)
}
Event: 49.653 {heap Before GC invocations=28 (full 0):
 garbage-first heap   total reserved 1013760K, committed 12288K, used 10162K [0x00000000c2200000, 0x0000000100000000)
  region size 1M, 3 eden (3M), 1 survivor (1M), 7 old (7M), 0 humongous (0M), 1 free (1M)
}
Event: 49.657 {heap After GC invocations=29 (full 0):
 garbage-first heap   total reserved 1013760K, committed 12288K, used 7410K [0x00000000c2200000, 0x0000000100000000)
  region size 1M, 0 eden (0M), 1 survivor (1M), 7 old (7M), 0 humongous (0M), 4 free (4M)
}
Event: 50.353 {heap Before GC invocations=29 (full 0):
 garbage-first heap   total reserved 1013760K, committed 12288K, used 10482K [0x00000000c2200000, 0x0000000100000000)
  region size 1M, 3 eden (3M), 1 survivor (1M), 7 old (7M), 0 humongous (0M), 1 free (1M)
}
Event: 50.360 {heap After GC invocations=30 (full 0):
 garbage-first heap   total reserved 1013760K, committed 13312K, used 7531K [0x00000000c2200000, 0x0000000100000000)
  region size 1M, 0 eden (0M), 1 survivor (1M), 7 old (7M), 0 humongous (0M), 5 free (5M)
}
Event: 54.394 {heap Before GC invocations=30 (full 0):
 garbage-first heap   total reserved 1013760K, committed 13312K, used 10603K [0x00000000c2200000, 0x0000000100000000)
  region size 1M, 3 eden (3M), 1 survivor (1M), 7 old (7M), 0 humongous (0M), 2 free (2M)
}
Event: 54.409 {heap After GC invocations=31 (full 0):
 garbage-first heap   total reserved 1013760K, committed 13312K, used 8113K [0x00000000c2200000, 0x0000000100000000)
  region size 1M, 0 eden (0M), 1 survivor (1M), 8 old (8M), 0 humongous (0M), 4 free (4M)
}
Event: 58.566 {heap Before GC invocations=32 (full 0):
 garbage-first heap   total reserved 1013760K, committed 13312K, used 10161K [0x00000000c2200000, 0x0000000100000000)
  region size 1M, 3 eden (3M), 1 survivor (1M), 8 old (8M), 0 humongous (0M), 1 free (1M)
}
Event: 58.576 {heap After GC invocations=33 (full 0):
 garbage-first heap   total reserved 1013760K, committed 13312K, used 8429K [0x00000000c2200000, 0x0000000100000000)
  region size 1M, 0 eden (0M), 1 survivor (1M), 8 old (8M), 0 humongous (0M), 4 free (4M)
}
Event: 62.752 {heap Before GC invocations=33 (full 0):
 garbage-first heap   total reserved 1013760K, committed 13312K, used 11501K [0x00000000c2200000, 0x0000000100000000)
  region size 1M, 3 eden (3M), 1 survivor (1M), 8 old (8M), 0 humongous (0M), 1 free (1M)
}
Event: 62.757 {heap After GC invocations=34 (full 0):
 garbage-first heap   total reserved 1013760K, committed 13312K, used 8619K [0x00000000c2200000, 0x0000000100000000)
  region size 1M, 0 eden (0M), 1 survivor (1M), 8 old (8M), 0 humongous (0M), 4 free (4M)
}
Event: 66.237 {heap Before GC invocations=35 (full 0):
 garbage-first heap   total reserved 1013760K, committed 13312K, used 10667K [0x00000000c2200000, 0x0000000100000000)
  region size 1M, 3 eden (3M), 1 survivor (1M), 8 old (8M), 0 humongous (0M), 1 free (1M)
}
Event: 66.249 {heap After GC invocations=36 (full 0):
 garbage-first heap   total reserved 1013760K, committed 13312K, used 8939K [0x00000000c2200000, 0x0000000100000000)
  region size 1M, 0 eden (0M), 1 survivor (1M), 8 old (8M), 0 humongous (0M), 4 free (4M)
}
Event: 68.424 {heap Before GC invocations=36 (full 0):
 garbage-first heap   total reserved 1013760K, committed 13312K, used 12011K [0x00000000c2200000, 0x0000000100000000)
  region size 1M, 3 eden (3M), 1 survivor (1M), 8 old (8M), 0 humongous (0M), 1 free (1M)
}
Event: 68.429 {heap After GC invocations=37 (full 0):
 garbage-first heap   total reserved 1013760K, committed 14336K, used 9251K [0x00000000c2200000, 0x0000000100000000)
  region size 1M, 0 eden (0M), 1 survivor (1M), 9 old (9M), 0 humongous (0M), 4 free (4M)
}

